<?xml version="1.0" encoding="UTF-8"?>
<!-- Generated by org.testng.reporters.JUnitXMLReporter -->
<testsuite ignored="0" hostname="Leti" failures="2" tests="5" name="Default test" time="54.792" errors="0" timestamp="2023-03-03T21:04:09 PST">
  <testcase classname="io.cucumber.testng.AbstractTestNGCucumberTests" name="runScenario" time="8.16"/>
  <testcase classname="io.cucumber.testng.AbstractTestNGCucumberTests" name="runScenario" time="9.022">
    <failure type="java.lang.AssertionError" message="login passed expected [Home Page ~ Salesforce - 8888 test fail Developer Edition] but found [Home Page ~ Salesforce - Developer Edition]">
      <![CDATA[java.lang.AssertionError: login passed expected [Home Page ~ Salesforce - 8888 test fail Developer Edition] but found [Home Page ~ Salesforce - Developer Edition]
at org.testng.Assert.fail(Assert.java:99)
at org.testng.Assert.failNotEquals(Assert.java:1037)
at org.testng.Assert.assertEqualsImpl(Assert.java:140)
at org.testng.Assert.assertEquals(Assert.java:122)
at org.testng.Assert.assertEquals(Assert.java:629)
at pomSalesForce.tests.StepDefinitionForSalesForce.i_should_get_the_home_page(StepDefinitionForSalesForce.java:118)
at ✽.I should get the home page(file:///C:/working/eclipseworkspace/POMSalesForceCucumberIntegration/src/test/resources/salesforcefeature.feature:16)
]]>
    </failure>
  </testcase> <!-- runScenario -->
  <testcase classname="io.cucumber.testng.AbstractTestNGCucumberTests" name="runScenario" time="11.581">
    <failure type="java.lang.AssertionError" message="login passed expected [Home Page ~ Salesforce - 8888 test fail Developer Edition] but found [Home Page ~ Salesforce - Developer Edition]">
      <![CDATA[java.lang.AssertionError: login passed expected [Home Page ~ Salesforce - 8888 test fail Developer Edition] but found [Home Page ~ Salesforce - Developer Edition]
at org.testng.Assert.fail(Assert.java:99)
at org.testng.Assert.failNotEquals(Assert.java:1037)
at org.testng.Assert.assertEqualsImpl(Assert.java:140)
at org.testng.Assert.assertEquals(Assert.java:122)
at org.testng.Assert.assertEquals(Assert.java:629)
at pomSalesForce.tests.StepDefinitionForSalesForce.i_should_get_the_home_page(StepDefinitionForSalesForce.java:118)
at ✽.I should get the home page(file:///C:/working/eclipseworkspace/POMSalesForceCucumberIntegration/src/test/resources/salesforcefeature.feature:22)
]]>
    </failure>
  </testcase> <!-- runScenario -->
  <testcase classname="io.cucumber.testng.AbstractTestNGCucumberTests" name="runScenario" time="9.965"/>
  <testcase classname="io.cucumber.testng.AbstractTestNGCucumberTests" name="runScenario" time="7.234"/>
</testsuite> <!-- Default test -->
