<?xml version="1.0" encoding="UTF-8"?>
<testng-results ignored="0" total="5" passed="3" failed="2" skipped="0">
  <reporter-output>
  </reporter-output>
  <suite started-at="2023-03-03T21:03:15 PST" name="Default suite" finished-at="2023-03-03T21:04:09 PST" duration-ms="54792">
    <groups>
      <group name="cucumber">
        <method signature="AbstractTestNGCucumberTests.runScenario(io.cucumber.testng.PickleWrapper,io.cucumber.testng.FeatureWrapper)[pri:0, instance:pomSalesForce.runners.RunnerForSalesForce@957e06]" name="runScenario" class="io.cucumber.testng.AbstractTestNGCucumberTests"/>
      </group> <!-- cucumber -->
    </groups>
    <test started-at="2023-03-03T21:03:15 PST" name="Default test" finished-at="2023-03-03T21:04:09 PST" duration-ms="54792">
      <class name="pomSalesForce.runners.RunnerForSalesForce">
        <test-method is-config="true" signature="setUpClass(org.testng.ITestContext)[pri:0, instance:pomSalesForce.runners.RunnerForSalesForce@957e06]" started-at="2023-03-03T21:03:15 PST" name="setUpClass" finished-at="2023-03-03T21:03:22 PST" duration-ms="6982" status="PASS">
          <params>
            <param index="0">
              <value>
                <![CDATA[org.testng.TestRunner@53bb71e5]]>
              </value>
            </param>
          </params>
          <reporter-output>
          </reporter-output>
        </test-method> <!-- setUpClass -->
        <test-method signature="runScenario(io.cucumber.testng.PickleWrapper,io.cucumber.testng.FeatureWrapper)[pri:0, instance:pomSalesForce.runners.RunnerForSalesForce@957e06]" started-at="2023-03-03T21:03:22 PST" name="runScenario" description="Runs Cucumber Scenarios" data-provider="scenarios" finished-at="2023-03-03T21:03:30 PST" duration-ms="8160" status="PASS">
          <params>
            <param index="0">
              <value>
                <![CDATA["tc1 Login error Message"]]>
              </value>
            </param>
            <param index="1">
              <value>
                <![CDATA["login functionality"]]>
              </value>
            </param>
          </params>
          <reporter-output>
          </reporter-output>
        </test-method> <!-- runScenario -->
        <test-method signature="runScenario(io.cucumber.testng.PickleWrapper,io.cucumber.testng.FeatureWrapper)[pri:0, instance:pomSalesForce.runners.RunnerForSalesForce@957e06]" started-at="2023-03-03T21:03:30 PST" name="runScenario" description="Runs Cucumber Scenarios" data-provider="scenarios" finished-at="2023-03-03T21:03:39 PST" duration-ms="9022" status="FAIL">
          <params>
            <param index="0">
              <value>
                <![CDATA["tc2 login with correct credentials"]]>
              </value>
            </param>
            <param index="1">
              <value>
                <![CDATA["login functionality"]]>
              </value>
            </param>
          </params>
          <exception class="java.lang.AssertionError">
            <message>
              <![CDATA[login passed expected [Home Page ~ Salesforce - 8888 test fail Developer Edition] but found [Home Page ~ Salesforce - Developer Edition]]]>
            </message>
            <full-stacktrace>
              <![CDATA[java.lang.AssertionError: login passed expected [Home Page ~ Salesforce - 8888 test fail Developer Edition] but found [Home Page ~ Salesforce - Developer Edition]
at org.testng.Assert.fail(Assert.java:99)
at org.testng.Assert.failNotEquals(Assert.java:1037)
at org.testng.Assert.assertEqualsImpl(Assert.java:140)
at org.testng.Assert.assertEquals(Assert.java:122)
at org.testng.Assert.assertEquals(Assert.java:629)
at pomSalesForce.tests.StepDefinitionForSalesForce.i_should_get_the_home_page(StepDefinitionForSalesForce.java:118)
at ✽.I should get the home page(file:///C:/working/eclipseworkspace/POMSalesForceCucumberIntegration/src/test/resources/salesforcefeature.feature:16)
]]>
            </full-stacktrace>
          </exception> <!-- java.lang.AssertionError -->
          <reporter-output>
          </reporter-output>
        </test-method> <!-- runScenario -->
        <test-method signature="runScenario(io.cucumber.testng.PickleWrapper,io.cucumber.testng.FeatureWrapper)[pri:0, instance:pomSalesForce.runners.RunnerForSalesForce@957e06]" started-at="2023-03-03T21:03:39 PST" name="runScenario" description="Runs Cucumber Scenarios" data-provider="scenarios" finished-at="2023-03-03T21:03:50 PST" duration-ms="11581" status="FAIL">
          <params>
            <param index="0">
              <value>
                <![CDATA["tc3 Login with Remember Username"]]>
              </value>
            </param>
            <param index="1">
              <value>
                <![CDATA["login functionality"]]>
              </value>
            </param>
          </params>
          <exception class="java.lang.AssertionError">
            <message>
              <![CDATA[login passed expected [Home Page ~ Salesforce - 8888 test fail Developer Edition] but found [Home Page ~ Salesforce - Developer Edition]]]>
            </message>
            <full-stacktrace>
              <![CDATA[java.lang.AssertionError: login passed expected [Home Page ~ Salesforce - 8888 test fail Developer Edition] but found [Home Page ~ Salesforce - Developer Edition]
at org.testng.Assert.fail(Assert.java:99)
at org.testng.Assert.failNotEquals(Assert.java:1037)
at org.testng.Assert.assertEqualsImpl(Assert.java:140)
at org.testng.Assert.assertEquals(Assert.java:122)
at org.testng.Assert.assertEquals(Assert.java:629)
at pomSalesForce.tests.StepDefinitionForSalesForce.i_should_get_the_home_page(StepDefinitionForSalesForce.java:118)
at ✽.I should get the home page(file:///C:/working/eclipseworkspace/POMSalesForceCucumberIntegration/src/test/resources/salesforcefeature.feature:22)
]]>
            </full-stacktrace>
          </exception> <!-- java.lang.AssertionError -->
          <reporter-output>
          </reporter-output>
        </test-method> <!-- runScenario -->
        <test-method signature="runScenario(io.cucumber.testng.PickleWrapper,io.cucumber.testng.FeatureWrapper)[pri:0, instance:pomSalesForce.runners.RunnerForSalesForce@957e06]" started-at="2023-03-03T21:03:50 PST" name="runScenario" description="Runs Cucumber Scenarios" data-provider="scenarios" finished-at="2023-03-03T21:04:00 PST" duration-ms="9965" status="PASS">
          <params>
            <param index="0">
              <value>
                <![CDATA["tc4a Login with Forgot Password"]]>
              </value>
            </param>
            <param index="1">
              <value>
                <![CDATA["login functionality"]]>
              </value>
            </param>
          </params>
          <reporter-output>
          </reporter-output>
        </test-method> <!-- runScenario -->
        <test-method signature="runScenario(io.cucumber.testng.PickleWrapper,io.cucumber.testng.FeatureWrapper)[pri:0, instance:pomSalesForce.runners.RunnerForSalesForce@957e06]" started-at="2023-03-03T21:04:00 PST" name="runScenario" description="Runs Cucumber Scenarios" data-provider="scenarios" finished-at="2023-03-03T21:04:08 PST" duration-ms="7234" status="PASS">
          <params>
            <param index="0">
              <value>
                <![CDATA["tc4b Login with wrong Password"]]>
              </value>
            </param>
            <param index="1">
              <value>
                <![CDATA["login functionality"]]>
              </value>
            </param>
          </params>
          <reporter-output>
          </reporter-output>
        </test-method> <!-- runScenario -->
        <test-method is-config="true" signature="tearDownClass()[pri:0, instance:pomSalesForce.runners.RunnerForSalesForce@957e06]" started-at="2023-03-03T21:04:08 PST" name="tearDownClass" finished-at="2023-03-03T21:04:09 PST" duration-ms="1745" status="PASS">
          <reporter-output>
          </reporter-output>
        </test-method> <!-- tearDownClass -->
      </class> <!-- pomSalesForce.runners.RunnerForSalesForce -->
    </test> <!-- Default test -->
  </suite> <!-- Default suite -->
</testng-results>
