<?xml version="1.0" encoding="UTF-8"?>
<!-- Generated by org.testng.reporters.JUnitReportReporter -->
<testsuite hostname="Leti" failures="2" tests="5" name="pomSalesForce.runners.RunnerForSalesForce" time="45.962" errors="0" timestamp="2023-03-03T21:04:10 PST" skipped="0">
  <testcase classname="pomSalesForce.runners.RunnerForSalesForce" name="runScenario" time="9.965"/>
  <system-out/>
  <testcase classname="pomSalesForce.runners.RunnerForSalesForce" name="runScenario" time="8.160"/>
  <system-out/>
  <testcase classname="pomSalesForce.runners.RunnerForSalesForce" name="runScenario" time="7.234"/>
  <system-out/>
  <testcase classname="pomSalesForce.runners.RunnerForSalesForce" name="runScenario" time="9.022">
    <failure message="login passed expected [Home Page ~ Salesforce - 8888 test fail Developer Edition] but found [Home Page ~ Salesforce - Developer Edition]" type="java.lang.AssertionError">
      <![CDATA[java.lang.AssertionError: login passed expected [Home Page ~ Salesforce - 8888 test fail Developer Edition] but found [Home Page ~ Salesforce - Developer Edition]
at org.testng.Assert.fail(Assert.java:99)
at org.testng.Assert.failNotEquals(Assert.java:1037)
at org.testng.Assert.assertEqualsImpl(Assert.java:140)
at org.testng.Assert.assertEquals(Assert.java:122)
at org.testng.Assert.assertEquals(Assert.java:629)
at pomSalesForce.tests.StepDefinitionForSalesForce.i_should_get_the_home_page(StepDefinitionForSalesForce.java:118)
at ✽.I should get the home page(file:///C:/working/eclipseworkspace/POMSalesForceCucumberIntegration/src/test/resources/salesforcefeature.feature:16)
]]>
    </failure>
  </testcase> <!-- runScenario -->
  <system-out/>
  <testcase classname="pomSalesForce.runners.RunnerForSalesForce" name="runScenario" time="11.581">
    <failure message="login passed expected [Home Page ~ Salesforce - 8888 test fail Developer Edition] but found [Home Page ~ Salesforce - Developer Edition]" type="java.lang.AssertionError">
      <![CDATA[java.lang.AssertionError: login passed expected [Home Page ~ Salesforce - 8888 test fail Developer Edition] but found [Home Page ~ Salesforce - Developer Edition]
at org.testng.Assert.fail(Assert.java:99)
at org.testng.Assert.failNotEquals(Assert.java:1037)
at org.testng.Assert.assertEqualsImpl(Assert.java:140)
at org.testng.Assert.assertEquals(Assert.java:122)
at org.testng.Assert.assertEquals(Assert.java:629)
at pomSalesForce.tests.StepDefinitionForSalesForce.i_should_get_the_home_page(StepDefinitionForSalesForce.java:118)
at ✽.I should get the home page(file:///C:/working/eclipseworkspace/POMSalesForceCucumberIntegration/src/test/resources/salesforcefeature.feature:22)
]]>
    </failure>
  </testcase> <!-- runScenario -->
  <system-out/>
</testsuite> <!-- pomSalesForce.runners.RunnerForSalesForce -->
